This file contains any messages produced by compilers while
running configure, to aid debugging if configure makes a mistake.

It was created by libfb303 configure 20080209, which was
generated by GNU Autoconf 2.68.  Invocation command line was

  $ ./configure 

## --------- ##
## Platform. ##
## --------- ##

hostname = Bos-MacBook-Pro.local
uname -m = x86_64
uname -r = 12.5.0
uname -s = Darwin
uname -v = Darwin Kernel Version 12.5.0: Sun Sep 29 13:33:47 PDT 2013; root:xnu-2050.48.12~1/RELEASE_X86_64

/usr/bin/uname -p = i386
/bin/uname -X     = unknown

/bin/arch              = unknown
/usr/bin/arch -k       = unknown
/usr/convex/getsysinfo = unknown
/usr/bin/hostinfo      = Mach kernel version:
	 Darwin Kernel Version 12.5.0: Sun Sep 29 13:33:47 PDT 2013; root:xnu-2050.48.12~1/RELEASE_X86_64
Kernel configured for up to 8 processors.
4 processors are physically available.
8 processors are logically available.
Processor type: i486 (Intel 80486)
Processors active: 0 1 2 3 4 5 6 7
Primary memory available: 8.00 gigabytes
Default processor set: 198 tasks, 979 threads, 8 processors
Load average: 0.82, Mach factor: 7.17
/bin/machine           = unknown
/usr/bin/oslevel       = unknown
/bin/universe          = unknown

PATH: /Users/bohu/.rvm/gems/ruby-2.0.0-p247/bin
PATH: /Users/bohu/.rvm/gems/ruby-2.0.0-p247@global/bin
PATH: /Users/bohu/.rvm/rubies/ruby-2.0.0-p247/bin
PATH: /Users/bohu/.rvm/bin
PATH: /usr/bin
PATH: /bin
PATH: /usr/sbin
PATH: /sbin
PATH: /usr/local/bin
PATH: /opt/X11/bin
PATH: /opt/X11/bin
PATH: /Users/bohu/.rvm/bin
PATH: /Users/bohu/apps/util/AWS/ec2-api-tools-1.6.8.0/bin
PATH: /usr/local/mysql/bin
PATH: .
PATH: /Users/bohu/.rvm/bin
PATH: /Users/bohu/apps/util/AWS/ec2-api-tools-1.6.8.0/bin
PATH: /usr/local/mysql/bin
PATH: .


## ----------- ##
## Core tests. ##
## ----------- ##

configure:2164: checking for a BSD-compatible install
configure:2232: result: /usr/bin/install -c
configure:2243: checking whether build environment is sane
configure:2293: result: yes
configure:2434: checking for a thread-safe mkdir -p
configure:2473: result: ./../../install-sh -c -d
configure:2486: checking for gawk
configure:2516: result: no
configure:2486: checking for mawk
configure:2516: result: no
configure:2486: checking for nawk
configure:2516: result: no
configure:2486: checking for awk
configure:2502: found /usr/bin/awk
configure:2513: result: awk
configure:2524: checking whether make sets $(MAKE)
configure:2546: result: yes
configure:2576: checking for style of include used by make
configure:2604: result: GNU
configure:2736: checking for gcc
configure:2752: found /usr/bin/gcc
configure:2763: result: gcc
configure:2992: checking for C compiler version
configure:3001: gcc --version >&5
i686-apple-darwin11-llvm-gcc-4.2 (GCC) 4.2.1 (Based on Apple Inc. build 5658) (LLVM build 2336.11.00)
Copyright (C) 2007 Free Software Foundation, Inc.
This is free software; see the source for copying conditions.  There is NO
warranty; not even for MERCHANTABILITY or FITNESS FOR A PARTICULAR PURPOSE.

configure:3012: $? = 0
configure:3001: gcc -v >&5
Using built-in specs.
Target: i686-apple-darwin11
Configured with: /private/var/tmp/llvmgcc42/llvmgcc42-2336.11~182/src/configure --disable-checking --enable-werror --prefix=/Applications/Xcode.app/Contents/Developer/usr/llvm-gcc-4.2 --mandir=/share/man --enable-languages=c,objc,c++,obj-c++ --program-prefix=llvm- --program-transform-name=/^[cg][^.-]*$/s/$/-4.2/ --with-slibdir=/usr/lib --build=i686-apple-darwin11 --enable-llvm=/private/var/tmp/llvmgcc42/llvmgcc42-2336.11~182/dst-llvmCore/Developer/usr/local --program-prefix=i686-apple-darwin11- --host=x86_64-apple-darwin11 --target=i686-apple-darwin11 --with-gxx-include-dir=/usr/include/c++/4.2.1
Thread model: posix
gcc version 4.2.1 (Based on Apple Inc. build 5658) (LLVM build 2336.11.00)
configure:3012: $? = 0
configure:3001: gcc -V >&5
llvm-gcc-4.2: argument to `-V' is missing
configure:3012: $? = 1
configure:3001: gcc -qversion >&5
i686-apple-darwin11-llvm-gcc-4.2: no input files
configure:3012: $? = 1
configure:3032: checking whether the C compiler works
configure:3054: gcc    conftest.c  >&5
configure:3058: $? = 0
configure:3106: result: yes
configure:3109: checking for C compiler default output file name
configure:3111: result: a.out
configure:3117: checking for suffix of executables
configure:3124: gcc -o conftest    conftest.c  >&5
configure:3128: $? = 0
configure:3150: result: 
configure:3172: checking whether we are cross compiling
configure:3180: gcc -o conftest    conftest.c  >&5
configure:3184: $? = 0
configure:3191: ./conftest
configure:3195: $? = 0
configure:3210: result: no
configure:3215: checking for suffix of object files
configure:3237: gcc -c   conftest.c >&5
configure:3241: $? = 0
configure:3262: result: o
configure:3266: checking whether we are using the GNU C compiler
configure:3285: gcc -c   conftest.c >&5
configure:3285: $? = 0
configure:3294: result: yes
configure:3303: checking whether gcc accepts -g
configure:3323: gcc -c -g  conftest.c >&5
configure:3323: $? = 0
configure:3364: result: yes
configure:3381: checking for gcc option to accept ISO C89
configure:3445: gcc  -c -g -O2  conftest.c >&5
configure:3445: $? = 0
configure:3458: result: none needed
configure:3480: checking dependency style of gcc
configure:3590: result: gcc3
configure:3663: checking for g++
configure:3679: found /usr/bin/g++
configure:3690: result: g++
configure:3717: checking for C++ compiler version
configure:3726: g++ --version >&5
i686-apple-darwin11-llvm-g++-4.2 (GCC) 4.2.1 (Based on Apple Inc. build 5658) (LLVM build 2336.11.00)
Copyright (C) 2007 Free Software Foundation, Inc.
This is free software; see the source for copying conditions.  There is NO
warranty; not even for MERCHANTABILITY or FITNESS FOR A PARTICULAR PURPOSE.

configure:3737: $? = 0
configure:3726: g++ -v >&5
Using built-in specs.
Target: i686-apple-darwin11
Configured with: /private/var/tmp/llvmgcc42/llvmgcc42-2336.11~182/src/configure --disable-checking --enable-werror --prefix=/Applications/Xcode.app/Contents/Developer/usr/llvm-gcc-4.2 --mandir=/share/man --enable-languages=c,objc,c++,obj-c++ --program-prefix=llvm- --program-transform-name=/^[cg][^.-]*$/s/$/-4.2/ --with-slibdir=/usr/lib --build=i686-apple-darwin11 --enable-llvm=/private/var/tmp/llvmgcc42/llvmgcc42-2336.11~182/dst-llvmCore/Developer/usr/local --program-prefix=i686-apple-darwin11- --host=x86_64-apple-darwin11 --target=i686-apple-darwin11 --with-gxx-include-dir=/usr/include/c++/4.2.1
Thread model: posix
gcc version 4.2.1 (Based on Apple Inc. build 5658) (LLVM build 2336.11.00)
configure:3737: $? = 0
configure:3726: g++ -V >&5
llvm-g++-4.2: argument to `-V' is missing
configure:3737: $? = 1
configure:3726: g++ -qversion >&5
i686-apple-darwin11-llvm-g++-4.2: no input files
configure:3737: $? = 1
configure:3741: checking whether we are using the GNU C++ compiler
configure:3760: g++ -c   conftest.cpp >&5
configure:3760: $? = 0
configure:3769: result: yes
configure:3778: checking whether g++ accepts -g
configure:3798: g++ -c -g  conftest.cpp >&5
configure:3798: $? = 0
configure:3839: result: yes
configure:3864: checking dependency style of g++
configure:3974: result: gcc3
configure:4032: checking for ranlib
configure:4048: found /usr/bin/ranlib
configure:4059: result: ranlib
configure:4085: checking for bash
configure:4115: result: /bin/sh
configure:4130: checking for perl
configure:4148: found /usr/bin/perl
configure:4160: result: /usr/bin/perl
configure:4175: checking for python
configure:4193: found /usr/bin/python
configure:4205: result: /usr/bin/python
configure:4220: checking for ar
configure:4238: found /usr/bin/ar
configure:4250: result: /usr/bin/ar
configure:4265: checking for ant
configure:4283: found /usr/bin/ant
configure:4295: result: /usr/bin/ant
configure:4322: checking Checking EXTERNAL_PATH set to
configure:4354: result: /Users/bohu/thrift/contrib/fb303
configure:4376: checking whether to enable optimized build
configure:4398: result: yes
configure:4422: checking whether to enable static mode
configure:4448: result: yes
configure:4481: checking Checking thrift_home set to
configure:4499: result: /usr/local
configure:4549: checking for boostlib >= 1.40.0
configure:4599: g++ -c -Wall -O3  -I/opt/local/include conftest.cpp >&5
configure:4599: $? = 0
configure:4601: result: yes
configure:4771: checking for javac and java
Running "javac configtest_ax_javac_and_java.java"
Running "java configtest_ax_javac_and_java"
configure:4809: result: yes
configure:4818: checking for ant
configure:4848: result: /usr/bin/ant
configure:4857: checking for ant version > 1.7
configure:4861: result: yes
configure:4899: checking for php
configure:4917: found /usr/bin/php
configure:4929: result: /usr/bin/php
configure:4969: checking whether /usr/bin/python version >= 2.4
configure:4980: /usr/bin/python -c import sys # split strings by '.' and convert to numeric. Append some zeros # because we need at least 4 digits for the hex conversion. # map returns an iterator in Python 3.0 and a list in 2.x minver = list(map(int, '2.4'.split('.'))) + [0, 0, 0] minverhex = 0 # xrange is not present in Python 3.0 and range returns an iterator for i in list(range(0, 4)): minverhex = (minverhex << 8) + minver[i] sys.exit(sys.hexversion < minverhex)
configure:4983: $? = 0
configure:4985: result: yes
configure:5076: checking for /usr/bin/python version
configure:5083: result: 2.7
configure:5095: checking for /usr/bin/python platform
configure:5102: result: darwin
configure:5109: checking for /usr/bin/python script directory
configure:5130: result: ${prefix}/lib/python2.7/site-packages
configure:5139: checking for /usr/bin/python extension module directory
configure:5160: result: ${exec_prefix}/lib/python2.7/site-packages
configure:5198: checking how to run the C preprocessor
configure:5229: gcc -E  conftest.c
configure:5229: $? = 0
configure:5243: gcc -E  conftest.c
conftest.c:10:28: error: ac_nonexistent.h: No such file or directory
configure:5243: $? = 1
configure: failed program was:
| /* confdefs.h */
| #define PACKAGE_NAME "libfb303"
| #define PACKAGE_TARNAME "libfb303"
| #define PACKAGE_VERSION "20080209"
| #define PACKAGE_STRING "libfb303 20080209"
| #define PACKAGE_BUGREPORT ""
| #define PACKAGE_URL ""
| #define HAVE_BOOST /**/
| /* end confdefs.h.  */
| #include <ac_nonexistent.h>
configure:5268: result: gcc -E
configure:5288: gcc -E  conftest.c
configure:5288: $? = 0
configure:5302: gcc -E  conftest.c
conftest.c:10:28: error: ac_nonexistent.h: No such file or directory
configure:5302: $? = 1
configure: failed program was:
| /* confdefs.h */
| #define PACKAGE_NAME "libfb303"
| #define PACKAGE_TARNAME "libfb303"
| #define PACKAGE_VERSION "20080209"
| #define PACKAGE_STRING "libfb303 20080209"
| #define PACKAGE_BUGREPORT ""
| #define PACKAGE_URL ""
| #define HAVE_BOOST /**/
| /* end confdefs.h.  */
| #include <ac_nonexistent.h>
configure:5331: checking for grep that handles long lines and -e
configure:5389: result: /usr/bin/grep
configure:5394: checking for egrep
configure:5456: result: /usr/bin/grep -E
configure:5461: checking for ANSI C header files
configure:5481: gcc -c -Wall -O3  conftest.c >&5
configure:5481: $? = 0
configure:5554: gcc -o conftest -Wall -O3   conftest.c  >&5
configure:5554: $? = 0
configure:5554: ./conftest
configure:5554: $? = 0
configure:5565: result: yes
configure:5578: checking for sys/types.h
configure:5578: gcc -c -Wall -O3  conftest.c >&5
configure:5578: $? = 0
configure:5578: result: yes
configure:5578: checking for sys/stat.h
configure:5578: gcc -c -Wall -O3  conftest.c >&5
configure:5578: $? = 0
configure:5578: result: yes
configure:5578: checking for stdlib.h
configure:5578: gcc -c -Wall -O3  conftest.c >&5
configure:5578: $? = 0
configure:5578: result: yes
configure:5578: checking for string.h
configure:5578: gcc -c -Wall -O3  conftest.c >&5
configure:5578: $? = 0
configure:5578: result: yes
configure:5578: checking for memory.h
configure:5578: gcc -c -Wall -O3  conftest.c >&5
configure:5578: $? = 0
configure:5578: result: yes
configure:5578: checking for strings.h
configure:5578: gcc -c -Wall -O3  conftest.c >&5
configure:5578: $? = 0
configure:5578: result: yes
configure:5578: checking for inttypes.h
configure:5578: gcc -c -Wall -O3  conftest.c >&5
configure:5578: $? = 0
configure:5578: result: yes
configure:5578: checking for stdint.h
configure:5578: gcc -c -Wall -O3  conftest.c >&5
configure:5578: $? = 0
configure:5578: result: yes
configure:5578: checking for unistd.h
configure:5578: gcc -c -Wall -O3  conftest.c >&5
configure:5578: $? = 0
configure:5578: result: yes
configure:5592: checking for inttypes.h
configure:5592: result: yes
configure:5604: checking netinet/in.h usability
configure:5604: gcc -c -Wall -O3  conftest.c >&5
configure:5604: $? = 0
configure:5604: result: yes
configure:5604: checking netinet/in.h presence
configure:5604: gcc -E  conftest.c
configure:5604: $? = 0
configure:5604: result: yes
configure:5604: checking for netinet/in.h
configure:5604: result: yes
configure:5821: creating ./config.status

## ---------------------- ##
## Running config.status. ##
## ---------------------- ##

This file was extended by libfb303 config.status 20080209, which was
generated by GNU Autoconf 2.68.  Invocation command line was

  CONFIG_FILES    = 
  CONFIG_HEADERS  = 
  CONFIG_LINKS    = 
  CONFIG_COMMANDS = 
  $ ./config.status 

on Bos-MacBook-Pro.local

config.status:836: creating Makefile
config.status:836: creating cpp/Makefile
config.status:836: creating py/Makefile
config.status:1008: executing depfiles commands

## ---------------- ##
## Cache variables. ##
## ---------------- ##

ac_cv_c_compiler_gnu=yes
ac_cv_cxx_compiler_gnu=yes
ac_cv_env_CCC_set=
ac_cv_env_CCC_value=
ac_cv_env_CC_set=
ac_cv_env_CC_value=
ac_cv_env_CFLAGS_set=
ac_cv_env_CFLAGS_value=
ac_cv_env_CPPFLAGS_set=
ac_cv_env_CPPFLAGS_value=
ac_cv_env_CPP_set=
ac_cv_env_CPP_value=
ac_cv_env_CXXFLAGS_set=
ac_cv_env_CXXFLAGS_value=
ac_cv_env_CXX_set=
ac_cv_env_CXX_value=
ac_cv_env_LDFLAGS_set=
ac_cv_env_LDFLAGS_value=
ac_cv_env_LIBS_set=
ac_cv_env_LIBS_value=
ac_cv_env_PY_PREFIX_set=
ac_cv_env_PY_PREFIX_value=
ac_cv_env_build_alias_set=
ac_cv_env_build_alias_value=
ac_cv_env_host_alias_set=
ac_cv_env_host_alias_value=
ac_cv_env_target_alias_set=
ac_cv_env_target_alias_value=
ac_cv_header_inttypes_h=yes
ac_cv_header_memory_h=yes
ac_cv_header_netinet_in_h=yes
ac_cv_header_stdc=yes
ac_cv_header_stdint_h=yes
ac_cv_header_stdlib_h=yes
ac_cv_header_string_h=yes
ac_cv_header_strings_h=yes
ac_cv_header_sys_stat_h=yes
ac_cv_header_sys_types_h=yes
ac_cv_header_unistd_h=yes
ac_cv_objext=o
ac_cv_path_ANT=/usr/bin/ant
ac_cv_path_AR=/usr/bin/ar
ac_cv_path_BASH=/bin/sh
ac_cv_path_EGREP='/usr/bin/grep -E'
ac_cv_path_GREP=/usr/bin/grep
ac_cv_path_PERL=/usr/bin/perl
ac_cv_path_PHP=/usr/bin/php
ac_cv_path_PYTHON=/usr/bin/python
ac_cv_path_install='/usr/bin/install -c'
ac_cv_prog_AWK=awk
ac_cv_prog_CPP='gcc -E'
ac_cv_prog_ac_ct_CC=gcc
ac_cv_prog_ac_ct_CXX=g++
ac_cv_prog_ac_ct_RANLIB=ranlib
ac_cv_prog_cc_c89=
ac_cv_prog_cc_g=yes
ac_cv_prog_cxx_g=yes
ac_cv_prog_make_make_set=yes
am_cv_CC_dependencies_compiler_type=gcc3
am_cv_CXX_dependencies_compiler_type=gcc3
am_cv_python_platform=darwin
am_cv_python_pyexecdir='${exec_prefix}/lib/python2.7/site-packages'
am_cv_python_pythondir='${prefix}/lib/python2.7/site-packages'
am_cv_python_version=2.7

## ----------------- ##
## Output variables. ##
## ----------------- ##

ACLOCAL='${SHELL} /Users/bohu/thrift/missing --run aclocal-1.11'
AMDEPBACKSLASH='\'
AMDEP_FALSE='#'
AMDEP_TRUE=''
AMTAR='${SHELL} /Users/bohu/thrift/missing --run tar'
ANT='/usr/bin/ant'
ANT_FLAGS=''
AR='/usr/bin/ar'
AUTOCONF='${SHELL} /Users/bohu/thrift/missing --run autoconf'
AUTOHEADER='${SHELL} /Users/bohu/thrift/missing --run autoheader'
AUTOMAKE='${SHELL} /Users/bohu/thrift/missing --run automake-1.11'
AWK='awk'
BASH='/bin/sh'
BOOST_CPPFLAGS='-I/opt/local/include'
BOOST_LDFLAGS='-L/opt/local/lib'
CC='gcc'
CCDEPMODE='depmode=gcc3'
CFLAGS='-Wall -O3'
CLASSPATH=''
CPP='gcc -E'
CPPFLAGS=''
CXX='g++'
CXXDEPMODE='depmode=gcc3'
CXXFLAGS='-Wall -O3'
CYGPATH_W='echo'
DEBUG_FALSE=''
DEBUG_TRUE='#'
DEFS='-DPACKAGE_NAME=\"libfb303\" -DPACKAGE_TARNAME=\"libfb303\" -DPACKAGE_VERSION=\"20080209\" -DPACKAGE_STRING=\"libfb303\ 20080209\" -DPACKAGE_BUGREPORT=\"\" -DPACKAGE_URL=\"\" -DHAVE_BOOST=/\*\*/ -DSTDC_HEADERS=1 -DHAVE_SYS_TYPES_H=1 -DHAVE_SYS_STAT_H=1 -DHAVE_STDLIB_H=1 -DHAVE_STRING_H=1 -DHAVE_MEMORY_H=1 -DHAVE_STRINGS_H=1 -DHAVE_INTTYPES_H=1 -DHAVE_STDINT_H=1 -DHAVE_UNISTD_H=1 -DHAVE_INTTYPES_H=1 -DHAVE_NETINET_IN_H=1'
DEPDIR='.deps'
ECHO_C='\c'
ECHO_N=''
ECHO_T=''
EGREP='/usr/bin/grep -E'
EXEEXT=''
EXTERNAL_PATH='/Users/bohu/thrift/contrib/fb303'
GLOBAL_FOOTER_MK='include /Users/bohu/thrift/contrib/fb303/global_footer.mk'
GLOBAL_HEADER_MK='include /Users/bohu/thrift/contrib/fb303/global_header.mk'
GREP='/usr/bin/grep'
INSTALL_DATA='${INSTALL} -m 644'
INSTALL_PROGRAM='${INSTALL}'
INSTALL_SCRIPT='${INSTALL}'
INSTALL_STRIP_PROGRAM='$(install_sh) -c -s'
LDFLAGS=''
LIBOBJS=''
LIBS=''
LTLIBOBJS=''
LTYPE='.a'
MAKEINFO='${SHELL} /Users/bohu/thrift/missing --run makeinfo'
MKDIR_P='./../../install-sh -c -d'
OBJEXT='o'
OPT_FALSE='#'
OPT_TRUE=''
PACKAGE='libfb303'
PACKAGE_BUGREPORT=''
PACKAGE_NAME='libfb303'
PACKAGE_STRING='libfb303 20080209'
PACKAGE_TARNAME='libfb303'
PACKAGE_URL=''
PACKAGE_VERSION='20080209'
PATH_SEPARATOR=':'
PERL='/usr/bin/perl'
PHP='/usr/bin/php'
PRODUCT_MK=''
PYTHON='/usr/bin/python'
PYTHON_EXEC_PREFIX='${exec_prefix}'
PYTHON_PLATFORM='darwin'
PYTHON_PREFIX='${prefix}'
PYTHON_VERSION='2.7'
PY_PREFIX='/usr'
RANLIB='ranlib'
SET_MAKE=''
SHARED_CFLAGS=''
SHARED_CXXFLAGS=''
SHARED_FALSE=''
SHARED_LDFLAGS=''
SHARED_TRUE='#'
SHELL='/bin/sh'
STATIC_FALSE='#'
STATIC_TRUE=''
STRIP=''
VERSION='20080209'
WITH_CPP_FALSE='#'
WITH_CPP_TRUE=''
WITH_JAVA_FALSE='#'
WITH_JAVA_TRUE=''
WITH_PHP_FALSE='#'
WITH_PHP_TRUE=''
WITH_PYTHON_FALSE='#'
WITH_PYTHON_TRUE=''
ac_ct_CC='gcc'
ac_ct_CXX='g++'
am__EXEEXT_FALSE=''
am__EXEEXT_TRUE='#'
am__fastdepCC_FALSE='#'
am__fastdepCC_TRUE=''
am__fastdepCXX_FALSE='#'
am__fastdepCXX_TRUE=''
am__include='include'
am__isrc=''
am__leading_dot='.'
am__quote=''
am__tar='${AMTAR} chof - "$$tardir"'
am__untar='${AMTAR} xf -'
bindir='${exec_prefix}/bin'
build_alias=''
datadir='${datarootdir}'
datarootdir='${prefix}/share'
docdir='${datarootdir}/doc/${PACKAGE_TARNAME}'
dvidir='${docdir}'
exec_prefix='${prefix}'
host_alias=''
htmldir='${docdir}'
includedir='${prefix}/include'
infodir='${datarootdir}/info'
install_sh='${SHELL} /Users/bohu/thrift/install-sh'
libdir='${exec_prefix}/lib'
libexecdir='${exec_prefix}/libexec'
localedir='${datarootdir}/locale'
localstatedir='${prefix}/var'
mandir='${datarootdir}/man'
mkdir_p='$(top_builddir)/./../../install-sh -c -d'
oldincludedir='/usr/include'
pdfdir='${docdir}'
pkgpyexecdir='${pyexecdir}/libfb303'
pkgpythondir='${pythondir}/libfb303'
prefix='/usr/local'
program_transform_name='s,x,x,'
psdir='${docdir}'
pyexecdir='${exec_prefix}/lib/python2.7/site-packages'
pythondir='${prefix}/lib/python2.7/site-packages'
sbindir='${exec_prefix}/sbin'
sharedstatedir='${prefix}/com'
sysconfdir='${prefix}/etc'
target_alias=''
thrift_home='/usr/local'

## ----------- ##
## confdefs.h. ##
## ----------- ##

/* confdefs.h */
#define PACKAGE_NAME "libfb303"
#define PACKAGE_TARNAME "libfb303"
#define PACKAGE_VERSION "20080209"
#define PACKAGE_STRING "libfb303 20080209"
#define PACKAGE_BUGREPORT ""
#define PACKAGE_URL ""
#define HAVE_BOOST /**/
#define STDC_HEADERS 1
#define HAVE_SYS_TYPES_H 1
#define HAVE_SYS_STAT_H 1
#define HAVE_STDLIB_H 1
#define HAVE_STRING_H 1
#define HAVE_MEMORY_H 1
#define HAVE_STRINGS_H 1
#define HAVE_INTTYPES_H 1
#define HAVE_STDINT_H 1
#define HAVE_UNISTD_H 1
#define HAVE_INTTYPES_H 1
#define HAVE_NETINET_IN_H 1

configure: exit 0
